[21:02:32] [main/WARN]: Ambiguity between arguments [teleport, destination] and [teleport, targets] with inputs: [Player, 0123, @e, dd12be42-52a9-4a91-a8a1-11c01849e498]
[21:02:32] [main/WARN]: Ambiguity between arguments [teleport, location] and [teleport, destination] with inputs: [0.1 -0.5 .9, 0 0 0]
[21:02:32] [main/WARN]: Ambiguity between arguments [teleport, location] and [teleport, targets] with inputs: [0.1 -0.5 .9, 0 0 0]
[21:02:32] [main/WARN]: Ambiguity between arguments [teleport, targets] and [teleport, destination] with inputs: [Player, 0123, dd12be42-52a9-4a91-a8a1-11c01849e498]
[21:02:32] [main/WARN]: Ambiguity between arguments [teleport, targets, location] and [teleport, targets, destination] with inputs: [0.1 -0.5 .9, 0 0 0]
[21:02:32] [Server thread/INFO]: Starting minecraft server version 1.14
[21:02:32] [Server thread/INFO]: Loading properties
[21:02:32] [Server thread/INFO]: Default game type: SURVIVAL
[21:02:32] [Server thread/INFO]: Generating keypair
[21:02:32] [Server thread/INFO]: Starting Minecraft server on survicraftiano.ml:25565
[21:02:32] [Server thread/INFO]: Using default channel type
[21:02:32] [Server thread/WARN]: **** SERVER IS RUNNING IN OFFLINE/INSECURE MODE!
[21:02:32] [Server thread/WARN]: The server will make no attempt to authenticate usernames. Beware.
[21:02:32] [Server thread/WARN]: While this makes the game possible to play without internet access, it also opens up the ability for hackers to connect with any username they choose.
[21:02:32] [Server thread/WARN]: To change this, set "online-mode" to "true" in the server.properties file.
[21:02:32] [Server thread/INFO]: Preparing level "world"
[21:02:32] [Server thread/INFO]: Reloading ResourceManager: Default
[21:02:34] [Server thread/INFO]: Loaded 6 recipes
[21:02:37] [Server thread/INFO]: Loaded 811 advancements
[21:02:46] [Server thread/INFO]: Preparing start region for dimension minecraft:overworld
[21:02:51] [Server-Worker-1/INFO]: Preparing spawn area: 0%
[21:02:51] [Server-Worker-2/INFO]: Preparing spawn area: 0%
[21:02:51] [Server-Worker-1/INFO]: Preparing spawn area: 0%
[21:02:51] [Server-Worker-2/INFO]: Preparing spawn area: 0%
[21:02:51] [Server-Worker-2/INFO]: Preparing spawn area: 0%
[21:02:51] [Server-Worker-1/INFO]: Preparing spawn area: 0%
[21:02:51] [Server-Worker-1/INFO]: Preparing spawn area: 0%
[21:02:51] [Server-Worker-1/INFO]: Preparing spawn area: 0%
[21:02:51] [Server-Worker-3/INFO]: Preparing spawn area: 0%
[21:02:51] [Server-Worker-3/INFO]: Preparing spawn area: 0%
[21:02:51] [Server-Worker-3/INFO]: Preparing spawn area: 0%
[21:02:52] [Server-Worker-3/INFO]: Preparing spawn area: 0%
[21:02:52] [Server-Worker-3/INFO]: Preparing spawn area: 2%
[21:02:53] [Server-Worker-1/INFO]: Preparing spawn area: 20%
[21:02:54] [Server-Worker-2/INFO]: Preparing spawn area: 36%
[21:02:54] [Server-Worker-1/INFO]: Preparing spawn area: 36%
[21:02:54] [Server-Worker-1/INFO]: Preparing spawn area: 63%
[21:02:55] [Server-Worker-3/INFO]: Preparing spawn area: 85%
[21:02:55] [Server-Worker-2/INFO]: Preparing spawn area: 91%
[21:02:56] [Server-Worker-2/INFO]: Preparing spawn area: 98%
[21:02:56] [Server thread/INFO]: Time elapsed: 9730 ms
[21:02:56] [Server thread/INFO]: Done (23.641s)! For help, type "help"
[21:03:10] [Server thread/INFO]: Dark_Victor85[/192.168.1.122:59771] logged in with entity id 223 at (56.5, 64.0, 228.5)
[21:03:10] [Server thread/INFO]: Dark_Victor85 joined the game
[21:03:47] [Server thread/INFO]: Dark_Victor85 lost connection: Disconnected
[21:03:47] [Server thread/INFO]: Dark_Victor85 left the game
